<?xml version="1.0" encoding="UTF-8"?>
<robot generator="Robot 5.0.1 (Python 3.10.4 on win32)" generated="20221029 20:11:56.867" rpa="false" schemaversion="3">
<suite id="s1" name="ROBOOOOOT" source="D:\ROBOOOOOT">
<suite id="s1-s1" name="Books" source="D:\ROBOOOOOT\Books.robot">
<test id="s1-s1-t1" name="Google News" line="14">
<kw name="GO TO Books">
<kw name="Open Browser" library="SeleniumLibrary">
<arg>${url}</arg>
<arg>${browser}</arg>
<doc>Opens a new browser instance to the optional ``url``.</doc>
<msg timestamp="20221029 20:11:57.143" level="INFO">Opening browser 'chrome' to base url 'https://www.books.com.tw/web/books_topm_01/?loc=P_0005_001'.</msg>
<status status="PASS" starttime="20221029 20:11:57.143" endtime="20221029 20:11:59.800"/>
</kw>
<status status="PASS" starttime="20221029 20:11:57.142" endtime="20221029 20:11:59.800"/>
</kw>
<kw name="Verify Link Title">
<kw name="Element Text Should Be" library="SeleniumLibrary">
<arg>//*[@id="index-page"]/body/div[4]/div[2]/div[2]/ul/li/span/a</arg>
<arg>${Title}</arg>
<doc>Verifies that element ``locator`` contains exact the text ``expected``.</doc>
<msg timestamp="20221029 20:11:59.803" level="INFO">Verifying element '//*[@id="index-page"]/body/div[4]/div[2]/div[2]/ul/li/span/a' contains exact text '文學小說'.</msg>
<status status="PASS" starttime="20221029 20:11:59.802" endtime="20221029 20:11:59.837"/>
</kw>
<status status="PASS" starttime="20221029 20:11:59.801" endtime="20221029 20:11:59.837"/>
</kw>
<kw name="Click Bookname Button">
<kw name="Click Element" library="SeleniumLibrary">
<arg>//*[@id="index-page"]/body/div[4]/div[1]/div[4]/div[1]/div/div[1]/div[1]/h4/a</arg>
<doc>Click the element identified by ``locator``.</doc>
<msg timestamp="20221029 20:11:59.839" level="INFO">Clicking element '//*[@id="index-page"]/body/div[4]/div[1]/div[4]/div[1]/div/div[1]/div[1]/h4/a'.</msg>
<status status="PASS" starttime="20221029 20:11:59.839" endtime="20221029 20:12:00.567"/>
</kw>
<kw name="Wait Until Element Is Visible" library="SeleniumLibrary">
<arg>//*[@id="0010939127-page"]/body/div[5]/div/div[1]/div[3]/ul/li[1]/a</arg>
<doc>Waits until the element ``locator`` is visible.</doc>
<status status="PASS" starttime="20221029 20:12:00.567" endtime="20221029 20:12:00.592"/>
</kw>
<status status="PASS" starttime="20221029 20:11:59.838" endtime="20221029 20:12:00.593"/>
</kw>
<kw name="Verify Book Name">
<kw name="Element Text Should Be" library="SeleniumLibrary">
<arg>//*[@id="0010939127-page"]/body/div[4]/div/div[1]/div[2]/div[1]/h1</arg>
<arg>${Book Name}</arg>
<doc>Verifies that element ``locator`` contains exact the text ``expected``.</doc>
<msg timestamp="20221029 20:12:00.596" level="INFO">Verifying element '//*[@id="0010939127-page"]/body/div[4]/div/div[1]/div[2]/div[1]/h1' contains exact text '大人的謊言生活：【文學界備受推崇的覆面系作家，義大利文直譯中文版】'.</msg>
<status status="PASS" starttime="20221029 20:12:00.595" endtime="20221029 20:12:00.625"/>
</kw>
<status status="PASS" starttime="20221029 20:12:00.594" endtime="20221029 20:12:00.626"/>
</kw>
<kw name="Verify Book author">
<kw name="Element Text Should Be" library="SeleniumLibrary">
<arg>//*[@id="0010939127-page"]/body/div[4]/div/div[1]/div[2]/div[3]/ul/li[1]/a[1]</arg>
<arg>${author}</arg>
<doc>Verifies that element ``locator`` contains exact the text ``expected``.</doc>
<msg timestamp="20221029 20:12:00.628" level="INFO">Verifying element '//*[@id="0010939127-page"]/body/div[4]/div/div[1]/div[2]/div[3]/ul/li[1]/a[1]' contains exact text '艾琳娜‧斐蘭德'.</msg>
<status status="PASS" starttime="20221029 20:12:00.627" endtime="20221029 20:12:00.672"/>
</kw>
<status status="PASS" starttime="20221029 20:12:00.626" endtime="20221029 20:12:00.672"/>
</kw>
<kw name="Verify Book Publishing House">
<kw name="Element Text Should Be" library="SeleniumLibrary">
<arg>//*[@id="0010939127-page"]/body/div[4]/div/div[1]/div[2]/div[3]/ul/li[4]/a[1]/span</arg>
<arg>${Publishing House}</arg>
<doc>Verifies that element ``locator`` contains exact the text ``expected``.</doc>
<msg timestamp="20221029 20:12:00.674" level="INFO">Verifying element '//*[@id="0010939127-page"]/body/div[4]/div/div[1]/div[2]/div[3]/ul/li[4]/a[1]/span' contains exact text '大塊文化'.</msg>
<status status="PASS" starttime="20221029 20:12:00.673" endtime="20221029 20:12:00.702"/>
</kw>
<kw name="Close Browser" library="SeleniumLibrary">
<doc>Closes the current browser.</doc>
<status status="PASS" starttime="20221029 20:12:00.702" endtime="20221029 20:12:02.839"/>
</kw>
<status status="PASS" starttime="20221029 20:12:00.672" endtime="20221029 20:12:02.841"/>
</kw>
<status status="PASS" starttime="20221029 20:11:57.139" endtime="20221029 20:12:02.842"/>
</test>
<doc>Robot Framework Booktest</doc>
<status status="PASS" starttime="20221029 20:11:56.903" endtime="20221029 20:12:02.850"/>
</suite>
<status status="PASS" starttime="20221029 20:11:56.871" endtime="20221029 20:12:02.859"/>
</suite>
<statistics>
<total>
<stat pass="1" fail="0" skip="0">All Tests</stat>
</total>
<tag>
</tag>
<suite>
<stat pass="1" fail="0" skip="0" id="s1" name="ROBOOOOOT">ROBOOOOOT</stat>
<stat pass="1" fail="0" skip="0" id="s1-s1" name="Books">ROBOOOOOT.Books</stat>
</suite>
</statistics>
<errors>
</errors>
</robot>
